<?xml version="1.0" encoding="UTF-8"?>
<!-- Generated by org.testng.reporters.JUnitReportReporter -->
<testsuite skipped="0" hostname="DESKTOP-6LJ2661" name="Runner.TestRunnerTestNg" tests="1" failures="0" timestamp="11 Jul 2020 18:17:39 GMT" time="0.079" errors="0">
  <testcase name="feature" time="0.079" classname="Runner.TestRunnerTestNg"/>
</testsuite> <!-- Runner.TestRunnerTestNg -->
